<?xml version="1.0" encoding="UTF-8"?>
<!-- Generated by org.testng.reporters.JUnitReportReporter -->
<testsuite skipped="0" hostname="Dzhamsheds-MacBook-Pro.local" name="com.hrms_API.practice.TDD" tests="3" failures="0" timestamp="2020-07-26T18:59:16 PDT" time="0.014" errors="0">
  <testcase name="closingDoor" time="0.001" classname="com.hrms_API.practice.TDD"/>
  <system-out/>
  <testcase name="openingDoor" time="0.002" classname="com.hrms_API.practice.TDD"/>
  <system-out/>
  <testcase name="knockingDoor" time="0.011" classname="com.hrms_API.practice.TDD"/>
  <system-out/>
</testsuite> <!-- com.hrms_API.practice.TDD -->
